<?xml version="1.0" encoding="UTF-8"?>
<!-- Generated by org.testng.reporters.JUnitReportReporter -->
<testsuite hostname="Mr_Nags" failures="0" tests="1" name="patientModule.TC_004_PatientModule" time="7.382" errors="0" timestamp="2023-01-25T12:56:29 IST" skipped="0">
  <testcase classname="patientModule.TC_004_PatientModule" name="PatientprofileUpdate" time="7.382"/>
  <system-out>
    <![CDATA[welcomePage id Displayed
User Login Page is Displayed
User DashBoard Page is Displayed
Medical History Page is Displayed
User Medical History Page is displayed
Welcome Page is Displayed]]>
  </system-out>
</testsuite> <!-- patientModule.TC_004_PatientModule -->
