<?xml version="1.0" encoding="UTF-8"?>
<!-- Generated by org.testng.reporters.JUnitReportReporter -->
<testsuite hostname="Mr_Nags" failures="0" tests="1" name="DoctorModule.TC_005_DoctorModule" time="9.949" errors="0" timestamp="2023-01-25T15:37:36 IST" skipped="0">
  <testcase classname="DoctorModule.TC_005_DoctorModule" name="PatientprofileUpdate" time="9.949"/>
  <system-out>
    <![CDATA[welcomePage id Displayed
Doctor Login Page is Displayed
Doctor dashboard Page is Displayed
Add Patient Page is Displayed
Welcome Page is Displayed]]>
  </system-out>
</testsuite> <!-- DoctorModule.TC_005_DoctorModule -->
