<?xml version="1.0" encoding="UTF-8"?>
<!-- Generated by org.testng.reporters.JUnitReportReporter -->
<testsuite hostname="Mr_Nags" failures="0" tests="1" name="DoctorModule.TC_008_DoctorModule" time="11.762" errors="0" timestamp="2023-01-25T17:20:17 IST" skipped="0">
  <testcase classname="DoctorModule.TC_008_DoctorModule" name="PatientprofileUpdate" time="11.762"/>
  <system-out>
    <![CDATA[welcomePage id Displayed
Doctor Login Page is Displayed
Doctor dashboard Page is Displayed
Manage Patient Page is Displayed
Manage Patient Page is Displayed
Welcome Page is Displayed]]>
  </system-out>
</testsuite> <!-- DoctorModule.TC_008_DoctorModule -->
